<?xml version="1.0" encoding="UTF-8"?>
<!-- Generated by org.testng.reporters.JUnitReportReporter -->
<testsuite skipped="0" hostname="DESKTOP-1JVNH60" name="seleniumconcepts.programs.ClickHold" tests="1" failures="0" timestamp="20 Oct 2017 16:08:03 GMT" time="17.598" errors="1">
  <testcase name="start" time="17.598" classname="seleniumconcepts.programs.ClickHold">
    <error type="org.openqa.selenium.WebDriverException" message="UnknownError: Cannot press more than one button or an already pressed button.&#039;UnknownError: Cannot press more than one button or an already pressed button.&#039; when calling method: [wdIMouse::click]
Command duration or timeout: 0 milliseconds">
      <![CDATA[org.openqa.selenium.WebDriverException: UnknownError: Cannot press more than one button or an already pressed button.'UnknownError: Cannot press more than one button or an already pressed button.' when calling method: [wdIMouse::click]
Command duration or timeout: 0 milliseconds
	at sun.reflect.NativeConstructorAccessorImpl.newInstance0(Native Method)
	at sun.reflect.NativeConstructorAccessorImpl.newInstance(Unknown Source)
	at sun.reflect.DelegatingConstructorAccessorImpl.newInstance(Unknown Source)
	at java.lang.reflect.Constructor.newInstance(Unknown Source)
	at org.openqa.selenium.remote.ErrorHandler.createThrowable(ErrorHandler.java:214)
	at org.openqa.selenium.remote.ErrorHandler.throwIfResponseFailed(ErrorHandler.java:166)
	at org.openqa.selenium.remote.http.JsonHttpResponseCodec.reconstructValue(JsonHttpResponseCodec.java:40)
	at org.openqa.selenium.remote.http.AbstractHttpResponseCodec.decode(AbstractHttpResponseCodec.java:82)
	at org.openqa.selenium.remote.http.AbstractHttpResponseCodec.decode(AbstractHttpResponseCodec.java:45)
	at org.openqa.selenium.remote.HttpCommandExecutor.execute(HttpCommandExecutor.java:164)
	at org.openqa.selenium.remote.service.DriverCommandExecutor.execute(DriverCommandExecutor.java:83)
	at org.openqa.selenium.remote.RemoteWebDriver.execute(RemoteWebDriver.java:586)
	at org.openqa.selenium.remote.RemoteExecuteMethod.execute(RemoteExecuteMethod.java:35)
	at org.openqa.selenium.remote.RemoteMouse.click(RemoteMouse.java:59)
	at org.openqa.selenium.interactions.ClickAction.perform(ClickAction.java:40)
	at org.openqa.selenium.interactions.CompositeAction.perform(CompositeAction.java:36)
	at org.openqa.selenium.interactions.Actions$BuiltAction.perform(Actions.java:641)
	at seleniumconcepts.programs.ClickHold.start(ClickHold.java:26)
	at sun.reflect.NativeMethodAccessorImpl.invoke0(Native Method)
	at sun.reflect.NativeMethodAccessorImpl.invoke(Unknown Source)
	at sun.reflect.DelegatingMethodAccessorImpl.invoke(Unknown Source)
	at java.lang.reflect.Method.invoke(Unknown Source)
	at org.testng.internal.MethodInvocationHelper.invokeMethod(MethodInvocationHelper.java:108)
	at org.testng.internal.Invoker.invokeMethod(Invoker.java:669)
	at org.testng.internal.Invoker.invokeTestMethod(Invoker.java:877)
	at org.testng.internal.Invoker.invokeTestMethods(Invoker.java:1201)
	at org.testng.internal.TestMethodWorker.invokeTestMethods(TestMethodWorker.java:125)
	at org.testng.internal.TestMethodWorker.run(TestMethodWorker.java:109)
	at org.testng.TestRunner.privateRun(TestRunner.java:776)
	at org.testng.TestRunner.run(TestRunner.java:634)
	at org.testng.SuiteRunner.runTest(SuiteRunner.java:425)
	at org.testng.SuiteRunner.runSequentially(SuiteRunner.java:420)
	at org.testng.SuiteRunner.privateRun(SuiteRunner.java:385)
	at org.testng.SuiteRunner.run(SuiteRunner.java:334)
	at org.testng.SuiteRunnerWorker.runSuite(SuiteRunnerWorker.java:52)
	at org.testng.SuiteRunnerWorker.run(SuiteRunnerWorker.java:86)
	at org.testng.TestNG.runSuitesSequentially(TestNG.java:1318)
	at org.testng.TestNG.runSuitesLocally(TestNG.java:1243)
	at org.testng.TestNG.runSuites(TestNG.java:1161)
	at org.testng.TestNG.run(TestNG.java:1129)
	at org.testng.remote.AbstractRemoteTestNG.run(AbstractRemoteTestNG.java:114)
	at org.testng.remote.RemoteTestNG.initAndRun(RemoteTestNG.java:251)
	at org.testng.remote.RemoteTestNG.main(RemoteTestNG.java:77)
Caused by: org.openqa.selenium.WebDriverException: UnknownError: Cannot press more than one button or an already pressed button.'UnknownError: Cannot press more than one button or an already pressed button.' when calling method: [wdIMouse::click]
Build info: version: '3.6.0', revision: '6fbf3ec767', time: '2017-09-27T15:28:36.4Z'
System info: host: 'DESKTOP-1JVNH60', ip: '192.168.220.1', os.name: 'Windows 10', os.arch: 'amd64', os.version: '10.0', java.version: '1.8.0_141'
Driver info: driver.version: unknown
	at <anonymous class>.FirefoxDriver.prototype.mouseClick(file:///C:/Users/aakas/AppData/Local/Temp/anonymous3076665068822598140webdriver-profile/extensions/fxdriver@googlecode.com/components/driver-component.js:12166)
	at <anonymous class>.DelayedCommand.prototype.executeInternal_/k(file:///C:/Users/aakas/AppData/Local/Temp/anonymous3076665068822598140webdriver-profile/extensions/fxdriver@googlecode.com/components/command-processor.js:13353)
	at <anonymous class>.DelayedCommand.prototype.executeInternal_(file:///C:/Users/aakas/AppData/Local/Temp/anonymous3076665068822598140webdriver-profile/extensions/fxdriver@googlecode.com/components/command-processor.js:13358)
	at <anonymous class>.DelayedCommand.prototype.execute/<(file:///C:/Users/aakas/AppData/Local/Temp/anonymous3076665068822598140webdriver-profile/extensions/fxdriver@googlecode.com/components/command-processor.js:13300)
]]>
    </error>
  </testcase> <!-- start -->
</testsuite> <!-- seleniumconcepts.programs.ClickHold -->
